[debug] > Exec(;reload; set _root_.org.jetbrains.sbt.StructureKeys.sbtStructureOptions in Global := "download, resolveSourceClassifiers" ;preferScala2;*/*:dumpStructureTo C:/Users/fanli/AppData/Local/Temp/sbt-structure.xml; session clear-all, None, None)
[debug] > Exec(reload, None, None)
[debug] > Exec(sbtStashOnFailure, None, None)
[debug] > Exec(onFailure loadFailed, None, None)
[debug] > Exec(loadp, None, None)
[info] welcome to sbt 1.10.5 (Oracle Corporation Java 23.0.1)
[debug] Load.defaultLoad until apply took 1.7772ms
[debug]           Load.loadUnit: plugins took 11.9094ms
[debug]           Load.loadUnit: defsScala took 0.007ms
[debug] [Loading] Scanning directory C:\repo\scala3_continuation\project
[debug]             Load.loadUnit: mkEval took 0.3122ms
[debug] [Loading] Found non-root projects 
[debug] [Loading] Done in C:\repo\scala3_continuation\project, returning: ()
[debug] deducing auto plugins based on known facts Set(Atom(sbt.plugins.CorePlugin)) and clauses Clauses(Clause(Atom(sbt.plugins.JvmPlugin),Set(Atom(sbt.plugins.IvyPlugin)))
[debug] Clause(Atom(sbt.ScriptedPlugin),Set(Atom(sbt.plugins.JvmPlugin)))
[debug] Clause(Atom(sbt.plugins.SbtPlugin),Set(Atom(sbt.ScriptedPlugin)))
[debug] Clause(Atom(sbt.plugins.SemanticdbPlugin),Set(Atom(sbt.plugins.JvmPlugin)))
[debug] Clause(Atom(sbt.plugins.JUnitXmlReportPlugin),Set(Atom(sbt.plugins.JvmPlugin)))
[debug] Clause(Atom(sbt.plugins.MiniDependencyTreePlugin),Set(Atom(sbt.plugins.JvmPlugin)))
[debug] Clause(Atom(sbt.plugins.CorePlugin),Set(Atom(sbt.plugins.IvyPlugin)))
[debug] Clause(Atom(sbt.plugins.IvyPlugin),Set(Atom(sbt.plugins.JvmPlugin)))
[debug] Clause(Atom(sbt.plugins.JvmPlugin),Set(Atom(sbt.plugins.SemanticdbPlugin)))
[debug] Clause(Atom(sbt.plugins.JvmPlugin),Set(Atom(sbt.plugins.JUnitXmlReportPlugin)))
[debug] Clause(Atom(sbt.plugins.CorePlugin),Set(Atom(sbt.plugins.Giter8TemplatePlugin)))
[debug] Clause(Atom(sbt.plugins.JvmPlugin),Set(Atom(sbt.plugins.MiniDependencyTreePlugin))))
[debug]   :: deduced result: Matched(sbt.plugins.CorePlugin,sbt.plugins.Giter8TemplatePlugin,sbt.plugins.IvyPlugin,sbt.plugins.JvmPlugin,sbt.plugins.MiniDependencyTreePlugin,sbt.plugins.JUnitXmlReportPlugin,sbt.plugins.SemanticdbPlugin)
[debug] Plugins.deducer#function took 1.0461 ms
[info] loading settings for project scala3_continuation-build from idea.sbt ...
[debug]               Load.resolveProject(scala3_continuation-build) took 1.0632ms
[debug]             Load.loadTransitive: finalizeProject(Project(id scala3_continuation-build, base: C:\repo\scala3_continuation\project, plugins: List(<none>))) took 2.4369ms
[debug] [Loading] Done in C:\repo\scala3_continuation\project, returning: (scala3_continuation-build)
[debug]           Load.loadUnit: loadedProjectsRaw took 26.4374ms
[debug]           Load.loadUnit: cleanEvalClasses took 1.4169ms
[debug]         Load.loadUnit(file:/C:/repo/scala3_continuation/project/, ...) took 40.7369ms
[debug]       Load.apply: load took 41.7722ms
[debug]       Load.apply: resolveProjects took 0.0921ms
[debug]       Load.apply: finalTransforms took 4.3985ms
[debug]       Load.apply: config.delegates took 0.34ms
[debug]       Load.apply: Def.make(settings)... took 48.1797ms
[debug]       Load.apply: structureIndex took 14.3447ms
[debug]       Load.apply: mkStreams took 0.0022ms
[info] loading project definition from C:\repo\scala3_continuation\project
[debug] Running task... Cancel: Signal, check cycles: false, forcegc: true
[debug]     Load.loadUnit: plugins took 288.0067ms
[debug]     Load.loadUnit: defsScala took 0.0023ms
[debug] [Loading] Scanning directory C:\repo\scala3_continuation
[debug]       Load.loadUnit: mkEval took 0.2483ms
[debug] [Loading] Found root project root w/ remaining 
[debug] deducing auto plugins based on known facts Set(Atom(sbt.plugins.CorePlugin)) and clauses Clauses(Clause(Atom(sbt.plugins.JvmPlugin),Set(Atom(sbt.plugins.IvyPlugin)))
[debug] Clause(Atom(sbt.ScriptedPlugin),Set(Atom(sbt.plugins.JvmPlugin)))
[debug] Clause(Atom(sbt.plugins.SbtPlugin),Set(Atom(sbt.ScriptedPlugin)))
[debug] Clause(Atom(sbt.plugins.SemanticdbPlugin),Set(Atom(sbt.plugins.JvmPlugin)))
[debug] Clause(Atom(sbt.plugins.JUnitXmlReportPlugin),Set(Atom(sbt.plugins.JvmPlugin)))
[debug] Clause(Atom(sbt.plugins.MiniDependencyTreePlugin),Set(Atom(sbt.plugins.JvmPlugin)))
[debug] Clause(Atom(org.jetbrains.sbt.StructurePlugin),Set(Atom(sbt.plugins.JvmPlugin)))
[debug] Clause(Atom(org.jetbrains.sbt.IdeaShellPlugin),Set(Atom(sbt.plugins.JvmPlugin)))
[debug] Clause(Atom(sbt.plugins.CorePlugin),Set(Atom(sbt.plugins.IvyPlugin)))
[debug] Clause(Atom(sbt.plugins.IvyPlugin),Set(Atom(sbt.plugins.JvmPlugin)))
[debug] Clause(Atom(sbt.plugins.JvmPlugin),Set(Atom(sbt.plugins.SemanticdbPlugin)))
[debug] Clause(Atom(sbt.plugins.JvmPlugin),Set(Atom(sbt.plugins.JUnitXmlReportPlugin)))
[debug] Clause(Atom(sbt.plugins.CorePlugin),Set(Atom(sbt.plugins.Giter8TemplatePlugin)))
[debug] Clause(Atom(sbt.plugins.JvmPlugin),Set(Atom(sbt.plugins.MiniDependencyTreePlugin)))
[debug] Clause(Atom(sbt.plugins.JvmPlugin),Set(Atom(org.jetbrains.sbt.StructurePlugin)))
[debug] Clause(Atom(sbt.plugins.JvmPlugin),Set(Atom(org.jetbrains.sbt.IdeaShellPlugin))))
[debug]   :: deduced result: Matched(sbt.plugins.CorePlugin,sbt.plugins.Giter8TemplatePlugin,sbt.plugins.IvyPlugin,sbt.plugins.JvmPlugin,sbt.plugins.SemanticdbPlugin,sbt.plugins.JUnitXmlReportPlugin,org.jetbrains.sbt.IdeaShellPlugin,org.jetbrains.sbt.StructurePlugin,sbt.plugins.MiniDependencyTreePlugin)
[debug] Plugins.deducer#function took 1.5371 ms
[info] loading settings for project root from build.sbt ...
[debug]         Load.resolveProject(root) took 29.9051ms
[debug]       Load.loadTransitive: finalizeProject(Project(id root, base: C:\repo\scala3_continuation, plugins: List(<none>))) took 31.8518ms
[debug] [Loading] Done in C:\repo\scala3_continuation, returning: (root)
[debug]     Load.loadUnit: loadedProjectsRaw took 81.4515ms
[debug]     Load.loadUnit: cleanEvalClasses took 5.1841ms
[debug]   Load.loadUnit(file:/C:/repo/scala3_continuation/, ...) took 375.1826ms
[debug] Load.apply: load took 376.2385ms
[debug] Load.apply: resolveProjects took 0.0771ms
[debug] Load.apply: finalTransforms took 19.5426ms
[debug] Load.apply: config.delegates took 0.5539ms
[debug] Load.apply: Def.make(settings)... took 72.8291ms
[debug] Load.apply: structureIndex took 17.0282ms
[debug] Load.apply: mkStreams took 0.003ms
[info] set current project to scala3_continuation (in build file:/C:/repo/scala3_continuation/)
[debug] > Exec(sbtPopOnFailure, None, None)
[debug] > Exec(resumeFromFailure, None, None)
[debug] > Exec(set _root_.org.jetbrains.sbt.StructureKeys.sbtStructureOptions in Global := "download, resolveSourceClassifiers", None, None)
[info] Defining Global / sbtStructureOptions
[info] The new value will be used by Global / ssOptions
[debug] Defining 
[debug] 	Global / sbtStructureOptions
[debug] 
[debug] The new value will be used by 
[debug] 	Global / ssOptions
[info] Reapplying settings...
[info] set current project to scala3_continuation (in build file:/C:/repo/scala3_continuation/)
[debug] > Exec(preferScala2, None, None)
[debug] > Exec(*/*:dumpStructureTo C:/Users/fanli/AppData/Local/Temp/sbt-structure.xml, None, None)
[debug] Evaluating tasks: Global / dumpStructureTo
[warn] sbt 0.13 shell syntax is deprecated; use slash syntax instead: Global / dumpStructureTo
[debug] Running task... Cancel: Signal, check cycles: false, forcegc: true
[info] downloading https://repo1.maven.org/maven2/com/github/rssh/dotty-cps-async_3/0.6.3/dotty-cps-async_3-0.6.3.pom
[info] downloaded https://repo1.maven.org/maven2/com/github/rssh/dotty-cps-async_3/0.6.3/dotty-cps-async_3-0.6.3.pom
[info] downloading https://repo1.maven.org/maven2/com/github/rssh/dotty-cps-async_3/0.6.3/dotty-cps-async_3-0.6.3.pom.sha1
[info] downloaded https://repo1.maven.org/maven2/com/github/rssh/dotty-cps-async_3/0.6.3/dotty-cps-async_3-0.6.3.pom.sha1
[warn] 
[warn] 	Note: Unresolved dependencies path:
[error] sbt.librarymanagement.ResolveException: Error downloading com.github.rssh:dotty-cps-async_3:0.6.3
[error]   Not found
[error]   Not found
[error]   not found: C:\Users\fanli\.ivy2\localcom.github.rssh\dotty-cps-async_3\0.6.3\ivys\ivy.xml
[error]   not found: https://repo1.maven.org/maven2/com/github/rssh/dotty-cps-async_3/0.6.3/dotty-cps-async_3-0.6.3.pom
[error] 	at lmcoursier.CoursierDependencyResolution.unresolvedWarningOrThrow(CoursierDependencyResolution.scala:346)
[error] 	at lmcoursier.CoursierDependencyResolution.$anonfun$update$39(CoursierDependencyResolution.scala:315)
[error] 	at scala.util.Either$LeftProjection.map(Either.scala:573)
[error] 	at lmcoursier.CoursierDependencyResolution.update(CoursierDependencyResolution.scala:315)
[error] 	at sbt.librarymanagement.DependencyResolution.update(DependencyResolution.scala:60)
[error] 	at sbt.internal.LibraryManagement$.resolve$1(LibraryManagement.scala:60)
[error] 	at sbt.internal.LibraryManagement$.$anonfun$cachedUpdate$12(LibraryManagement.scala:142)
[error] 	at sbt.util.Tracked$.$anonfun$lastOutput$1(Tracked.scala:74)
[error] 	at sbt.internal.LibraryManagement$.$anonfun$cachedUpdate$11(LibraryManagement.scala:144)
[error] 	at sbt.internal.LibraryManagement$.$anonfun$cachedUpdate$11$adapted(LibraryManagement.scala:131)
[error] 	at sbt.util.Tracked$.$anonfun$inputChangedW$1(Tracked.scala:220)
[error] 	at sbt.internal.LibraryManagement$.cachedUpdate(LibraryManagement.scala:169)
[error] 	at sbt.Classpaths$.$anonfun$updateTask0$1(Defaults.scala:3888)
[error] 	at scala.Function1.$anonfun$compose$1(Function1.scala:49)
[error] 	at sbt.internal.util.$tilde$greater.$anonfun$$u2219$1(TypeFunctions.scala:63)
[error] 	at sbt.std.Transform$$anon$4.work(Transform.scala:69)
[error] 	at sbt.Execute.$anonfun$submit$2(Execute.scala:283)
[error] 	at sbt.internal.util.ErrorHandling$.wideConvert(ErrorHandling.scala:24)
[error] 	at sbt.Execute.work(Execute.scala:292)
[error] 	at sbt.Execute.$anonfun$submit$1(Execute.scala:283)
[error] 	at sbt.ConcurrentRestrictions$$anon$4.$anonfun$submitValid$1(ConcurrentRestrictions.scala:265)
[error] 	at sbt.CompletionService$$anon$2.call(CompletionService.scala:65)
[error] 	at java.base/java.util.concurrent.FutureTask.run(FutureTask.java:317)
[error] 	at java.base/java.util.concurrent.Executors$RunnableAdapter.call(Executors.java:572)
[error] 	at java.base/java.util.concurrent.FutureTask.run(FutureTask.java:317)
[error] 	at java.base/java.util.concurrent.ThreadPoolExecutor.runWorker(ThreadPoolExecutor.java:1144)
[error] 	at java.base/java.util.concurrent.ThreadPoolExecutor$Worker.run(ThreadPoolExecutor.java:642)
[error] 	at java.base/java.lang.Thread.run(Thread.java:1575)
[error] sbt.librarymanagement.ResolveException: Error downloading com.github.rssh:dotty-cps-async_3:0.6.3
[error]   Not found
[error]   Not found
[error]   not found: C:\Users\fanli\.ivy2\localcom.github.rssh\dotty-cps-async_3\0.6.3\ivys\ivy.xml
[error]   not found: https://repo1.maven.org/maven2/com/github/rssh/dotty-cps-async_3/0.6.3/dotty-cps-async_3-0.6.3.pom
[error] 	at lmcoursier.CoursierDependencyResolution.unresolvedWarningOrThrow(CoursierDependencyResolution.scala:346)
[error] 	at lmcoursier.CoursierDependencyResolution.$anonfun$update$39(CoursierDependencyResolution.scala:315)
[error] 	at scala.util.Either$LeftProjection.map(Either.scala:573)
[error] 	at lmcoursier.CoursierDependencyResolution.update(CoursierDependencyResolution.scala:315)
[error] 	at sbt.librarymanagement.DependencyResolution.update(DependencyResolution.scala:60)
[error] 	at sbt.internal.LibraryManagement$.resolve$1(LibraryManagement.scala:60)
[error] 	at sbt.internal.LibraryManagement$.$anonfun$cachedUpdate$12(LibraryManagement.scala:142)
[error] 	at sbt.util.Tracked$.$anonfun$lastOutput$1(Tracked.scala:74)
[error] 	at sbt.internal.LibraryManagement$.$anonfun$cachedUpdate$11(LibraryManagement.scala:144)
[error] 	at sbt.internal.LibraryManagement$.$anonfun$cachedUpdate$11$adapted(LibraryManagement.scala:131)
[error] 	at sbt.util.Tracked$.$anonfun$inputChangedW$1(Tracked.scala:220)
[error] 	at sbt.internal.LibraryManagement$.cachedUpdate(LibraryManagement.scala:169)
[error] 	at sbt.Classpaths$.$anonfun$updateTask0$1(Defaults.scala:3888)
[error] 	at scala.Function1.$anonfun$compose$1(Function1.scala:49)
[error] 	at sbt.internal.util.$tilde$greater.$anonfun$$u2219$1(TypeFunctions.scala:63)
[error] 	at sbt.std.Transform$$anon$4.work(Transform.scala:69)
[error] 	at sbt.Execute.$anonfun$submit$2(Execute.scala:283)
[error] 	at sbt.internal.util.ErrorHandling$.wideConvert(ErrorHandling.scala:24)
[error] 	at sbt.Execute.work(Execute.scala:292)
[error] 	at sbt.Execute.$anonfun$submit$1(Execute.scala:283)
[error] 	at sbt.ConcurrentRestrictions$$anon$4.$anonfun$submitValid$1(ConcurrentRestrictions.scala:265)
[error] 	at sbt.CompletionService$$anon$2.call(CompletionService.scala:65)
[error] 	at java.base/java.util.concurrent.FutureTask.run(FutureTask.java:317)
[error] 	at java.base/java.util.concurrent.Executors$RunnableAdapter.call(Executors.java:572)
[error] 	at java.base/java.util.concurrent.FutureTask.run(FutureTask.java:317)
[error] 	at java.base/java.util.concurrent.ThreadPoolExecutor.runWorker(ThreadPoolExecutor.java:1144)
[error] 	at java.base/java.util.concurrent.ThreadPoolExecutor$Worker.run(ThreadPoolExecutor.java:642)
[error] 	at java.base/java.lang.Thread.run(Thread.java:1575)
[error] (update) sbt.librarymanagement.ResolveException: Error downloading com.github.rssh:dotty-cps-async_3:0.6.3
[error]   Not found
[error]   Not found
[error]   not found: C:\Users\fanli\.ivy2\localcom.github.rssh\dotty-cps-async_3\0.6.3\ivys\ivy.xml
[error]   not found: https://repo1.maven.org/maven2/com/github/rssh/dotty-cps-async_3/0.6.3/dotty-cps-async_3-0.6.3.pom
[error] (ssExtractDependencies) sbt.librarymanagement.ResolveException: Error downloading com.github.rssh:dotty-cps-async_3:0.6.3
[error]   Not found
[error]   Not found
[error]   not found: C:\Users\fanli\.ivy2\localcom.github.rssh\dotty-cps-async_3\0.6.3\ivys\ivy.xml
[error]   not found: https://repo1.maven.org/maven2/com/github/rssh/dotty-cps-async_3/0.6.3/dotty-cps-async_3-0.6.3.pom
[error] Total time: 1 s, completed Nov 19, 2024, 4:41:46 p.m.
[debug] > Exec(idea-shell, None, None)
